TN:
SF:src/app.ts
FN:6,(anonymous_0)
FN:14,(anonymous_1)
FN:19,(anonymous_2)
FNF:3
FNH:0
FNDA:0,(anonymous_0)
FNDA:0,(anonymous_1)
FNDA:0,(anonymous_2)
DA:4,0
DA:6,0
DA:7,0
DA:8,0
DA:9,0
DA:10,0
DA:14,0
DA:15,0
DA:16,0
DA:19,0
DA:20,0
DA:21,0
LF:12
LH:0
BRF:0
BRH:0
end_of_record
TN:
SF:src/application/use-cases/RegisterUserUseCase.ts
FN:13,(anonymous_0)
FN:15,(anonymous_1)
FN:60,(anonymous_2)
FNF:3
FNH:3
FNDA:7,(anonymous_0)
FNDA:8,(anonymous_1)
FNDA:8,(anonymous_2)
DA:2,1
DA:3,1
DA:4,1
DA:5,1
DA:8,1
DA:9,1
DA:10,1
DA:12,1
DA:13,7
DA:17,8
DA:20,7
DA:21,6
DA:22,5
DA:25,4
DA:26,4
DA:27,1
DA:31,3
DA:34,3
DA:41,3
DA:44,3
DA:50,3
DA:61,8
DA:62,1
LF:23
LH:23
BRDA:26,0,0,1
BRDA:26,0,1,3
BRDA:61,1,0,1
BRDA:61,1,1,7
BRDA:61,2,0,8
BRDA:61,2,1,7
BRDA:61,2,2,7
BRF:7
BRH:7
end_of_record
TN:
SF:src/domain/entities/User.ts
FN:22,(anonymous_0)
FN:31,(anonymous_1)
FN:35,(anonymous_2)
FN:39,(anonymous_3)
FN:43,(anonymous_4)
FN:47,(anonymous_5)
FN:51,(anonymous_6)
FN:55,(anonymous_7)
FN:60,(anonymous_8)
FN:65,(anonymous_9)
FNF:10
FNH:9
FNDA:8,(anonymous_0)
FNDA:7,(anonymous_1)
FNDA:4,(anonymous_2)
FNDA:9,(anonymous_3)
FNDA:3,(anonymous_4)
FNDA:1,(anonymous_5)
FNDA:2,(anonymous_6)
FNDA:0,(anonymous_7)
FNDA:1,(anonymous_8)
FNDA:1,(anonymous_9)
DA:14,2
DA:23,8
DA:24,8
DA:25,8
DA:26,8
DA:27,8
DA:28,8
DA:32,7
DA:36,4
DA:40,9
DA:44,3
DA:48,1
DA:52,2
DA:56,0
DA:57,0
DA:61,1
DA:62,1
DA:66,1
LF:18
LH:16
BRDA:27,0,0,8
BRDA:27,0,1,8
BRDA:28,1,0,8
BRDA:28,1,1,8
BRF:4
BRH:4
end_of_record
TN:
SF:src/domain/value-objects/Email.ts
FN:4,(anonymous_0)
FN:9,(anonymous_1)
FN:25,(anonymous_2)
FN:29,(anonymous_3)
FN:33,(anonymous_4)
FNF:5
FNH:4
FNDA:23,(anonymous_0)
FNDA:23,(anonymous_1)
FNDA:11,(anonymous_2)
FNDA:5,(anonymous_3)
FNDA:0,(anonymous_4)
DA:1,3
DA:5,23
DA:6,23
DA:10,23
DA:12,23
DA:13,1
DA:16,22
DA:17,4
DA:20,18
DA:21,1
DA:26,11
DA:30,5
DA:34,0
LF:13
LH:12
BRDA:12,0,0,1
BRDA:12,0,1,22
BRDA:16,1,0,4
BRDA:16,1,1,18
BRDA:20,2,0,1
BRDA:20,2,1,17
BRF:6
BRH:6
end_of_record
TN:
SF:src/domain/value-objects/Password.ts
FN:4,(anonymous_0)
FN:9,(anonymous_1)
FN:23,(anonymous_2)
FN:27,(anonymous_3)
FNF:4
FNH:4
FNDA:17,(anonymous_0)
FNDA:17,(anonymous_1)
FNDA:8,(anonymous_2)
FNDA:1,(anonymous_3)
DA:1,3
DA:5,17
DA:6,17
DA:10,17
DA:11,1
DA:14,16
DA:15,2
DA:18,14
DA:19,1
DA:24,8
DA:28,1
LF:11
LH:11
BRDA:10,0,0,1
BRDA:10,0,1,16
BRDA:14,1,0,2
BRDA:14,1,1,14
BRDA:18,2,0,1
BRDA:18,2,1,13
BRF:6
BRH:6
end_of_record
TN:
SF:src/domain/value-objects/UserName.ts
FN:4,(anonymous_0)
FN:9,(anonymous_1)
FN:29,(anonymous_2)
FN:33,(anonymous_3)
FN:37,(anonymous_4)
FNF:5
FNH:4
FNDA:20,(anonymous_0)
FNDA:20,(anonymous_1)
FNDA:9,(anonymous_2)
FNDA:2,(anonymous_3)
FNDA:0,(anonymous_4)
DA:1,3
DA:5,20
DA:6,20
DA:10,20
DA:11,1
DA:14,19
DA:15,2
DA:18,17
DA:19,1
DA:23,16
DA:24,16
DA:25,2
DA:30,9
DA:34,2
DA:38,0
LF:15
LH:14
BRDA:10,0,0,1
BRDA:10,0,1,19
BRDA:14,1,0,2
BRDA:14,1,1,17
BRDA:18,2,0,1
BRDA:18,2,1,16
BRDA:24,3,0,2
BRDA:24,3,1,14
BRF:8
BRH:8
end_of_record
TN:
SF:src/infrastructure/config/env.ts
FNF:0
FNH:0
DA:1,1
DA:3,1
DA:5,1
LF:3
LH:3
BRDA:6,0,0,1
BRDA:6,0,1,0
BRDA:7,1,0,1
BRDA:7,1,1,0
BRDA:10,2,0,1
BRDA:10,2,1,0
BRDA:14,3,0,1
BRDA:14,3,1,0
BRDA:15,4,0,1
BRDA:15,4,1,0
BRDA:19,5,0,1
BRDA:19,5,1,0
BRF:12
BRH:6
end_of_record
TN:
SF:src/infrastructure/db/prismaClient.ts
FNF:0
FNH:0
DA:3,0
LF:1
LH:0
BRDA:4,0,0,0
BRDA:4,0,1,0
BRF:2
BRH:0
end_of_record
TN:
SF:src/infrastructure/db/repositories/UserRepository.ts
FN:8,(anonymous_0)
FN:18,(anonymous_1)
FN:28,(anonymous_2)
FN:42,(anonymous_3)
FNF:4
FNH:0
FNDA:0,(anonymous_0)
FNDA:0,(anonymous_1)
FNDA:0,(anonymous_2)
FNDA:0,(anonymous_3)
DA:9,0
DA:13,0
DA:15,0
DA:19,0
DA:23,0
DA:25,0
DA:29,0
DA:31,0
DA:39,0
DA:43,0
DA:47,0
LF:11
LH:0
BRDA:13,0,0,0
BRDA:13,0,1,0
BRDA:23,1,0,0
BRDA:23,1,1,0
BRF:4
BRH:0
end_of_record
TN:
SF:src/infrastructure/errors/AppError.ts
FN:2,(anonymous_0)
FN:14,(anonymous_1)
FN:20,(anonymous_2)
FN:26,(anonymous_3)
FN:32,(anonymous_4)
FNF:5
FNH:3
FNDA:2,(anonymous_0)
FNDA:1,(anonymous_1)
FNDA:0,(anonymous_2)
FNDA:0,(anonymous_3)
FNDA:1,(anonymous_4)
DA:1,1
DA:3,2
DA:4,2
DA:5,2
DA:7,2
DA:8,2
DA:9,2
DA:13,1
DA:15,1
DA:19,1
DA:21,0
DA:25,1
DA:27,0
DA:31,1
DA:33,1
LF:15
LH:13
BRDA:4,0,0,0
BRDA:5,1,0,2
BRDA:26,2,0,0
BRF:3
BRH:1
end_of_record
TN:
SF:src/infrastructure/mappers/UserMapper.ts
FN:8,(anonymous_0)
FN:19,(anonymous_1)
FNF:2
FNH:0
FNDA:0,(anonymous_0)
FNDA:0,(anonymous_1)
DA:9,0
DA:20,0
LF:2
LH:0
BRDA:21,0,0,0
BRDA:21,0,1,0
BRF:2
BRH:0
end_of_record
TN:
SF:src/infrastructure/security/hash.ts
FN:6,(anonymous_1)
FN:10,(anonymous_2)
FNF:2
FNH:1
FNDA:3,(anonymous_1)
FNDA:0,(anonymous_2)
DA:1,1
DA:3,1
DA:4,1
DA:7,3
DA:11,0
LF:5
LH:4
BRF:0
BRH:0
end_of_record
TN:
SF:src/infrastructure/security/jwt.ts
FN:10,(anonymous_1)
FN:16,(anonymous_2)
FN:24,(anonymous_3)
FNF:3
FNH:1
FNDA:3,(anonymous_1)
FNDA:0,(anonymous_2)
FNDA:0,(anonymous_3)
DA:1,1
DA:2,1
DA:9,1
DA:11,3
DA:17,0
DA:18,0
DA:20,0
DA:25,0
DA:26,0
DA:28,0
LF:10
LH:4
BRF:0
BRH:0
end_of_record
TN:
SF:src/interfaces/http/server.ts
FN:7,(anonymous_0)
FN:19,(anonymous_1)
FNF:2
FNH:0
FNDA:0,(anonymous_0)
FNDA:0,(anonymous_1)
DA:7,0
DA:8,0
DA:11,0
DA:12,0
DA:13,0
DA:16,0
DA:19,0
DA:20,0
DA:24,0
DA:26,0
LF:10
LH:0
BRF:0
BRH:0
end_of_record
TN:
SF:src/interfaces/http/controllers/AuthController.ts
FN:8,(anonymous_0)
FN:13,(anonymous_1)
FNF:2
FNH:0
FNDA:0,(anonymous_0)
FNDA:0,(anonymous_1)
DA:9,0
DA:10,0
DA:13,0
DA:14,0
DA:15,0
DA:17,0
DA:23,0
DA:28,0
LF:8
LH:0
BRF:0
BRH:0
end_of_record
TN:
SF:src/interfaces/http/middlewares/authMiddleware.ts
FN:12,(anonymous_0)
FNF:1
FNH:0
FNDA:0,(anonymous_0)
DA:12,0
DA:17,0
DA:18,0
DA:20,0
DA:21,0
DA:24,0
DA:25,0
DA:27,0
DA:28,0
DA:30,0
LF:10
LH:0
BRDA:20,0,0,0
BRDA:20,0,1,0
BRDA:20,1,0,0
BRDA:20,1,1,0
BRF:4
BRH:0
end_of_record
TN:
SF:src/interfaces/http/middlewares/errorHandler.ts
FN:4,(anonymous_0)
FNF:1
FNH:0
FNDA:0,(anonymous_0)
DA:4,0
DA:10,0
DA:11,0
DA:18,0
DA:21,0
DA:28,0
DA:30,0
LF:7
LH:0
BRDA:10,0,0,0
BRDA:10,0,1,0
BRDA:18,1,0,0
BRDA:18,1,1,0
BRDA:18,2,0,0
BRDA:18,2,1,0
BRDA:18,2,2,0
BRF:7
BRH:0
end_of_record
TN:
SF:src/interfaces/http/routes/auth.routes.ts
FNF:0
FNH:0
DA:4,0
DA:5,0
DA:7,0
LF:3
LH:0
BRF:0
BRH:0
end_of_record
TN:
SF:src/interfaces/http/routes/index.ts
FNF:0
FNH:0
DA:4,0
DA:6,0
LF:2
LH:0
BRF:0
BRH:0
end_of_record
