TN:
SF:src/app.ts
FN:7,(anonymous_0)
FN:12,(anonymous_1)
FN:17,(anonymous_2)
FNF:3
FNH:0
FNDA:0,(anonymous_0)
FNDA:0,(anonymous_1)
FNDA:0,(anonymous_2)
DA:5,0
DA:7,0
DA:8,0
DA:12,0
DA:13,0
DA:14,0
DA:17,0
DA:18,0
DA:19,0
LF:9
LH:0
BRF:0
BRH:0
end_of_record
TN:
SF:src/application/use-cases/DeleteUserUseCase.ts
FN:5,(anonymous_0)
FN:7,(anonymous_1)
FNF:2
FNH:2
FNDA:5,(anonymous_0)
FNDA:5,(anonymous_1)
DA:2,1
DA:4,1
DA:5,5
DA:8,5
DA:10,5
DA:11,2
DA:14,3
LF:7
LH:7
BRDA:10,0,0,2
BRDA:10,0,1,3
BRF:2
BRH:2
end_of_record
TN:
SF:src/application/use-cases/GetCurrentUserUseCase.ts
FN:7,(anonymous_0)
FN:9,(anonymous_1)
FNF:2
FNH:2
FNDA:5,(anonymous_0)
FNDA:5,(anonymous_1)
DA:3,1
DA:4,1
DA:6,1
DA:7,5
DA:10,5
DA:12,4
DA:13,1
DA:16,3
LF:8
LH:8
BRDA:12,0,0,1
BRDA:12,0,1,3
BRF:2
BRH:2
end_of_record
TN:
SF:src/application/use-cases/LoginUserUseCase.ts
FN:11,(anonymous_0)
FN:13,(anonymous_1)
FN:54,(anonymous_2)
FNF:3
FNH:3
FNDA:8,(anonymous_0)
FNDA:8,(anonymous_1)
FNDA:8,(anonymous_2)
DA:2,1
DA:3,1
DA:6,1
DA:7,1
DA:8,1
DA:10,1
DA:11,8
DA:15,8
DA:18,6
DA:19,5
DA:22,5
DA:23,5
DA:24,1
DA:28,4
DA:33,4
DA:34,1
DA:38,3
DA:44,3
DA:55,8
DA:56,2
LF:20
LH:20
BRDA:23,0,0,1
BRDA:23,0,1,4
BRDA:33,1,0,1
BRDA:33,1,1,3
BRDA:55,2,0,2
BRDA:55,2,1,6
BRDA:55,3,0,8
BRDA:55,3,1,7
BRF:8
BRH:8
end_of_record
TN:
SF:src/application/use-cases/RegisterUserUseCase.ts
FN:13,(anonymous_0)
FN:15,(anonymous_1)
FN:60,(anonymous_2)
FNF:3
FNH:3
FNDA:7,(anonymous_0)
FNDA:8,(anonymous_1)
FNDA:8,(anonymous_2)
DA:2,1
DA:3,1
DA:4,1
DA:5,1
DA:8,1
DA:9,1
DA:10,1
DA:12,1
DA:13,7
DA:17,8
DA:20,7
DA:21,6
DA:22,5
DA:25,4
DA:26,4
DA:27,1
DA:31,3
DA:34,3
DA:41,3
DA:44,3
DA:50,3
DA:61,8
DA:62,1
LF:23
LH:23
BRDA:26,0,0,1
BRDA:26,0,1,3
BRDA:61,1,0,1
BRDA:61,1,1,7
BRDA:61,2,0,8
BRDA:61,2,1,7
BRDA:61,2,2,7
BRF:7
BRH:7
end_of_record
TN:
SF:src/domain/entities/User.ts
FN:22,(anonymous_0)
FN:31,(anonymous_1)
FN:35,(anonymous_2)
FN:39,(anonymous_3)
FN:43,(anonymous_4)
FN:47,(anonymous_5)
FN:51,(anonymous_6)
FN:55,(anonymous_7)
FN:60,(anonymous_8)
FN:65,(anonymous_9)
FNF:10
FNH:9
FNDA:22,(anonymous_0)
FNDA:16,(anonymous_1)
FNDA:10,(anonymous_2)
FNDA:23,(anonymous_3)
FNDA:7,(anonymous_4)
FNDA:1,(anonymous_5)
FNDA:2,(anonymous_6)
FNDA:0,(anonymous_7)
FNDA:1,(anonymous_8)
FNDA:1,(anonymous_9)
DA:14,5
DA:23,22
DA:24,22
DA:25,22
DA:26,22
DA:27,22
DA:28,22
DA:32,16
DA:36,10
DA:40,23
DA:44,7
DA:48,1
DA:52,2
DA:56,0
DA:57,0
DA:61,1
DA:62,1
DA:66,1
LF:18
LH:16
BRDA:27,0,0,22
BRDA:27,0,1,16
BRDA:28,1,0,22
BRDA:28,1,1,16
BRF:4
BRH:4
end_of_record
TN:
SF:src/domain/value-objects/Email.ts
FN:4,(anonymous_0)
FN:9,(anonymous_1)
FN:25,(anonymous_2)
FN:29,(anonymous_3)
FN:33,(anonymous_4)
FNF:5
FNH:4
FNDA:43,(anonymous_0)
FNDA:43,(anonymous_1)
FNDA:20,(anonymous_2)
FNDA:10,(anonymous_3)
FNDA:0,(anonymous_4)
DA:1,6
DA:5,43
DA:6,43
DA:10,43
DA:12,43
DA:13,1
DA:16,42
DA:17,5
DA:20,37
DA:21,1
DA:26,20
DA:30,10
DA:34,0
LF:13
LH:12
BRDA:12,0,0,1
BRDA:12,0,1,42
BRDA:16,1,0,5
BRDA:16,1,1,37
BRDA:20,2,0,1
BRDA:20,2,1,36
BRF:6
BRH:6
end_of_record
TN:
SF:src/domain/value-objects/Password.ts
FN:4,(anonymous_0)
FN:9,(anonymous_1)
FN:23,(anonymous_2)
FN:27,(anonymous_3)
FNF:4
FNH:4
FNDA:36,(anonymous_0)
FNDA:36,(anonymous_1)
FNDA:16,(anonymous_2)
FNDA:1,(anonymous_3)
DA:1,6
DA:5,36
DA:6,36
DA:10,36
DA:11,1
DA:14,35
DA:15,2
DA:18,33
DA:19,1
DA:24,16
DA:28,1
LF:11
LH:11
BRDA:10,0,0,1
BRDA:10,0,1,35
BRDA:14,1,0,2
BRDA:14,1,1,33
BRDA:18,2,0,1
BRDA:18,2,1,32
BRF:6
BRH:6
end_of_record
TN:
SF:src/domain/value-objects/UserName.ts
FN:4,(anonymous_0)
FN:9,(anonymous_1)
FN:29,(anonymous_2)
FN:33,(anonymous_3)
FN:37,(anonymous_4)
FNF:5
FNH:4
FNDA:34,(anonymous_0)
FNDA:34,(anonymous_1)
FNDA:15,(anonymous_2)
FNDA:2,(anonymous_3)
FNDA:0,(anonymous_4)
DA:1,6
DA:5,34
DA:6,34
DA:10,34
DA:11,1
DA:14,33
DA:15,2
DA:18,31
DA:19,1
DA:23,30
DA:24,30
DA:25,2
DA:30,15
DA:34,2
DA:38,0
LF:15
LH:14
BRDA:10,0,0,1
BRDA:10,0,1,33
BRDA:14,1,0,2
BRDA:14,1,1,31
BRDA:18,2,0,1
BRDA:18,2,1,30
BRDA:24,3,0,2
BRDA:24,3,1,28
BRF:8
BRH:8
end_of_record
TN:
SF:src/infrastructure/config/env.ts
FNF:0
FNH:0
DA:1,2
DA:3,2
DA:5,2
LF:3
LH:3
BRDA:6,0,0,2
BRDA:6,0,1,0
BRDA:7,1,0,2
BRDA:7,1,1,0
BRDA:10,2,0,2
BRDA:10,2,1,0
BRDA:14,3,0,2
BRDA:14,3,1,0
BRDA:15,4,0,2
BRDA:15,4,1,0
BRDA:19,5,0,2
BRDA:19,5,1,0
BRF:12
BRH:6
end_of_record
TN:
SF:src/infrastructure/db/prismaClient.ts
FN:12,(anonymous_0)
FN:16,(anonymous_1)
FNF:2
FNH:0
FNDA:0,(anonymous_0)
FNDA:0,(anonymous_1)
DA:4,0
DA:12,0
DA:13,0
DA:16,0
DA:17,0
LF:5
LH:0
BRF:0
BRH:0
end_of_record
TN:
SF:src/infrastructure/db/repositories/UserRepository.ts
FN:8,(anonymous_0)
FN:18,(anonymous_1)
FN:28,(anonymous_2)
FN:42,(anonymous_3)
FN:50,(anonymous_4)
FNF:5
FNH:0
FNDA:0,(anonymous_0)
FNDA:0,(anonymous_1)
FNDA:0,(anonymous_2)
FNDA:0,(anonymous_3)
FNDA:0,(anonymous_4)
DA:9,0
DA:13,0
DA:15,0
DA:19,0
DA:23,0
DA:25,0
DA:29,0
DA:31,0
DA:39,0
DA:43,0
DA:47,0
DA:51,0
LF:12
LH:0
BRDA:13,0,0,0
BRDA:13,0,1,0
BRDA:23,1,0,0
BRDA:23,1,1,0
BRF:4
BRH:0
end_of_record
TN:
SF:src/infrastructure/errors/AppError.ts
FN:2,(anonymous_0)
FN:14,(anonymous_1)
FN:20,(anonymous_2)
FN:26,(anonymous_3)
FN:32,(anonymous_4)
FNF:5
FNH:5
FNDA:9,(anonymous_0)
FNDA:3,(anonymous_1)
FNDA:3,(anonymous_2)
FNDA:2,(anonymous_3)
FNDA:1,(anonymous_4)
DA:1,4
DA:3,9
DA:4,9
DA:5,9
DA:7,9
DA:8,9
DA:9,9
DA:13,4
DA:15,3
DA:19,4
DA:21,3
DA:25,4
DA:27,2
DA:31,4
DA:33,1
LF:15
LH:15
BRDA:4,0,0,0
BRDA:5,1,0,9
BRDA:26,2,0,0
BRF:3
BRH:1
end_of_record
TN:
SF:src/infrastructure/logger/logger.ts
FN:19,(anonymous_0)
FNF:1
FNH:0
FNDA:0,(anonymous_0)
DA:3,0
DA:5,0
DA:20,0
LF:3
LH:0
BRDA:6,0,0,0
BRDA:6,0,1,0
BRDA:7,1,0,0
BRDA:7,1,1,0
BRF:4
BRH:0
end_of_record
TN:
SF:src/infrastructure/mappers/UserMapper.ts
FN:9,(anonymous_0)
FN:20,(anonymous_1)
FN:29,(anonymous_2)
FNF:3
FNH:1
FNDA:0,(anonymous_0)
FNDA:0,(anonymous_1)
FNDA:3,(anonymous_2)
DA:1,1
DA:2,1
DA:3,1
DA:4,1
DA:8,1
DA:10,0
DA:21,0
DA:30,3
LF:8
LH:6
BRDA:22,0,0,0
BRDA:22,0,1,0
BRDA:31,1,0,3
BRDA:31,1,1,0
BRF:4
BRH:1
end_of_record
TN:
SF:src/infrastructure/security/hash.ts
FN:6,(anonymous_1)
FN:10,(anonymous_2)
FNF:2
FNH:2
FNDA:11,(anonymous_1)
FNDA:4,(anonymous_2)
DA:1,2
DA:3,2
DA:4,2
DA:7,11
DA:11,4
LF:5
LH:5
BRF:0
BRH:0
end_of_record
TN:
SF:src/infrastructure/security/jwt.ts
FN:10,(anonymous_1)
FN:16,(anonymous_2)
FN:24,(anonymous_3)
FNF:3
FNH:1
FNDA:6,(anonymous_1)
FNDA:0,(anonymous_2)
FNDA:0,(anonymous_3)
DA:1,2
DA:2,2
DA:9,2
DA:11,6
DA:17,0
DA:18,0
DA:20,0
DA:25,0
DA:26,0
DA:28,0
LF:10
LH:4
BRF:0
BRH:0
end_of_record
TN:
SF:src/interfaces/http/server.ts
FN:10,(anonymous_0)
FN:17,(anonymous_1)
FN:23,(anonymous_2)
FN:26,(anonymous_3)
FN:44,(anonymous_4)
FNF:5
FNH:0
FNDA:0,(anonymous_0)
FNDA:0,(anonymous_1)
FNDA:0,(anonymous_2)
FNDA:0,(anonymous_3)
FNDA:0,(anonymous_4)
DA:10,0
DA:11,0
DA:14,0
DA:18,0
DA:19,0
DA:20,0
DA:21,0
DA:24,0
DA:27,0
DA:33,0
DA:34,0
DA:35,0
DA:38,0
DA:41,0
DA:44,0
DA:45,0
DA:49,0
DA:51,0
LF:18
LH:0
BRDA:18,0,0,0
BRDA:18,0,1,0
BRDA:18,1,0,0
BRDA:18,1,1,0
BRDA:19,2,0,0
BRDA:19,2,1,0
BRDA:20,3,0,0
BRDA:20,3,1,0
BRF:8
BRH:0
end_of_record
TN:
SF:src/interfaces/http/controllers/AuthController.ts
FN:16,(anonymous_0)
FN:24,(anonymous_1)
FN:45,(anonymous_2)
FN:65,(anonymous_3)
FN:82,(anonymous_4)
FNF:5
FNH:0
FNDA:0,(anonymous_0)
FNDA:0,(anonymous_1)
FNDA:0,(anonymous_2)
FNDA:0,(anonymous_3)
FNDA:0,(anonymous_4)
DA:17,0
DA:18,0
DA:19,0
DA:20,0
DA:21,0
DA:24,0
DA:25,0
DA:26,0
DA:28,0
DA:34,0
DA:36,0
DA:41,0
DA:45,0
DA:46,0
DA:47,0
DA:49,0
DA:54,0
DA:56,0
DA:61,0
DA:65,0
DA:66,0
DA:67,0
DA:68,0
DA:71,0
DA:73,0
DA:78,0
DA:82,0
DA:83,0
DA:84,0
DA:85,0
DA:88,0
DA:90,0
DA:92,0
DA:97,0
LF:34
LH:0
BRDA:67,0,0,0
BRDA:67,0,1,0
BRDA:84,1,0,0
BRDA:84,1,1,0
BRF:4
BRH:0
end_of_record
TN:
SF:src/interfaces/http/middlewares/authMiddleware.ts
FN:12,(anonymous_0)
FNF:1
FNH:0
FNDA:0,(anonymous_0)
DA:12,0
DA:17,0
DA:18,0
DA:20,0
DA:21,0
DA:24,0
DA:25,0
DA:27,0
DA:28,0
DA:30,0
LF:10
LH:0
BRDA:20,0,0,0
BRDA:20,0,1,0
BRDA:20,1,0,0
BRDA:20,1,1,0
BRF:4
BRH:0
end_of_record
TN:
SF:src/interfaces/http/middlewares/errorHandler.ts
FN:5,(anonymous_0)
FNF:1
FNH:0
FNDA:0,(anonymous_0)
DA:5,0
DA:11,0
DA:12,0
DA:13,0
DA:20,0
DA:23,0
DA:24,0
DA:31,0
DA:33,0
LF:9
LH:0
BRDA:11,0,0,0
BRDA:11,0,1,0
BRDA:20,1,0,0
BRDA:20,1,1,0
BRDA:20,2,0,0
BRDA:20,2,1,0
BRDA:20,2,2,0
BRF:7
BRH:0
end_of_record
TN:
SF:src/interfaces/http/middlewares/rateLimiter.ts
FNF:0
FNH:0
DA:4,0
DA:13,0
DA:23,0
LF:3
LH:0
BRF:0
BRH:0
end_of_record
TN:
SF:src/interfaces/http/routes/auth.routes.ts
FNF:0
FNH:0
DA:6,0
DA:7,0
DA:10,0
DA:11,0
DA:14,0
DA:17,0
LF:6
LH:0
BRF:0
BRH:0
end_of_record
TN:
SF:src/interfaces/http/routes/index.ts
FNF:0
FNH:0
DA:4,0
DA:6,0
LF:2
LH:0
BRF:0
BRH:0
end_of_record
